###############################################################################
#                                                                             #
# IAR C/C++ Compiler V8.10.1.10194/W32 for 8051         30/May/2016  20:08:44 #
# Copyright 2004-2011 IAR Systems AB.                                         #
#                                                                             #
#    Core               =  plain                                              #
#    Code model         =  banked                                             #
#    Data model         =  large                                              #
#    Calling convention =  xdata reentrant                                    #
#    Constant location  =  data_rom                                           #
#    Dptr setup         =  1,16                                               #
#    Source file        =  E:\www\zigbee_for_smarthome\Projects\zstack\Sample #
#                          s\SampleApp\Source\relay.c                         #
#    Command line       =  -f E:\www\zigbee_for_smarthome\Projects\zstack\Sam #
#                          ples\SampleApp\CC2530DB\..\..\..\Tools\CC2530DB\f8 #
#                          wEndev.cfg (-DCPU32MHZ -DROOT=__near_func          #
#                          -DMAC_CFG_TX_DATA_MAX=3 -DMAC_CFG_TX_MAX=6         #
#                          -DMAC_CFG_RX_MAX=3) -f E:\www\zigbee_for_smarthome #
#                          \Projects\zstack\Samples\SampleApp\CC2530DB\..\..\ #
#                          ..\Tools\CC2530DB\f8wConfig.cfg (-DZIGBEEPRO       #
#                          -DSECURE=0 -DZG_SECURE_DYNAMIC=0 -DREFLECTOR       #
#                          -DDEFAULT_CHANLIST=0x00000800                      #
#                          -DZDAPP_CONFIG_PAN_ID=0xFF00                       #
#                          -DNWK_START_DELAY=100 -DEXTENDED_JOINING_RANDOM_MA #
#                          SK=0x007F -DBEACON_REQUEST_DELAY=100               #
#                          -DBEACON_REQ_DELAY_MASK=0x00FF                     #
#                          -DLINK_STATUS_JITTER_MASK=0x007F                   #
#                          -DROUTE_EXPIRY_TIME=30 -DAPSC_ACK_WAIT_DURATION_PO #
#                          LLED=3000 -DNWK_INDIRECT_MSG_TIMEOUT=7             #
#                          -DMAX_RREQ_ENTRIES=8 -DAPSC_MAX_FRAME_RETRIES=3    #
#                          -DNWK_MAX_DATA_RETRIES=2                           #
#                          -DMAX_POLL_FAILURE_RETRIES=2 -DMAX_BCAST=9         #
#                          -DAPS_MAX_GROUPS=16 -DMAX_RTG_ENTRIES=40           #
#                          -DNWK_MAX_BINDING_ENTRIES=4                        #
#                          -DMAX_BINDING_CLUSTER_IDS=4 "-DDEFAULT_KEY={0x01,  #
#                          0x03, 0x05, 0x07, 0x09, 0x0B, 0x0D, 0x0F, 0x00,    #
#                          0x02, 0x04, 0x06, 0x08, 0x0A, 0x0C, 0x0D}"         #
#                          -DMAC_MAX_FRAME_SIZE=116                           #
#                          -DZDNWKMGR_MIN_TRANSMISSIONS=20 "-DCONST=const     #
#                          __code" -DGENERIC=__generic                        #
#                          -DRFD_RCVC_ALWAYS_ON=FALSE -DPOLL_RATE=1000        #
#                          -DQUEUED_POLL_RATE=100 -DRESPONSE_POLL_RATE=100)   #
#                          -DREJOIN_POLL_RATE=440 E:\www\zigbee_for_smarthome #
#                          \Projects\zstack\Samples\SampleApp\Source\relay.c  #
#                          -D NWK_AUTO_POLL -D ZTOOL_P1 -D xMT_TASK -D        #
#                          xMT_SYS_FUNC -D xMT_ZDO_FUNC -D                    #
#                          LCD_SUPPORTED=DEBUG -lC E:\www\zigbee_for_smarthom #
#                          e\Projects\zstack\Samples\SampleApp\CC2530DB\EndDe #
#                          viceEB\List\ -lA E:\www\zigbee_for_smarthome\Proje #
#                          cts\zstack\Samples\SampleApp\CC2530DB\EndDeviceEB\ #
#                          List\ --diag_suppress Pe001,Pa010 -o               #
#                          E:\www\zigbee_for_smarthome\Projects\zstack\Sample #
#                          s\SampleApp\CC2530DB\EndDeviceEB\Obj\ -e           #
#                          --no_code_motion --debug --core=plain --dptr=16,1  #
#                          --data_model=large --code_model=banked             #
#                          --calling_convention=xdata_reentrant               #
#                          --place_constants=data_rom --nr_virtual_regs 16    #
#                          -I E:\www\zigbee_for_smarthome\Projects\zstack\Sam #
#                          ples\SampleApp\CC2530DB\ -I                        #
#                          E:\www\zigbee_for_smarthome\Projects\zstack\Sample #
#                          s\SampleApp\CC2530DB\..\Source\ -I                 #
#                          E:\www\zigbee_for_smarthome\Projects\zstack\Sample #
#                          s\SampleApp\CC2530DB\..\..\..\ZMain\TI2530DB\ -I   #
#                          E:\www\zigbee_for_smarthome\Projects\zstack\Sample #
#                          s\SampleApp\CC2530DB\..\..\..\..\..\Components\hal #
#                          \include\ -I E:\www\zigbee_for_smarthome\Projects\ #
#                          zstack\Samples\SampleApp\CC2530DB\..\..\..\..\..\C #
#                          omponents\hal\target\CC2530EB\ -I                  #
#                          E:\www\zigbee_for_smarthome\Projects\zstack\Sample #
#                          s\SampleApp\CC2530DB\..\..\..\..\..\Components\mac #
#                          \include\ -I E:\www\zigbee_for_smarthome\Projects\ #
#                          zstack\Samples\SampleApp\CC2530DB\..\..\..\..\..\C #
#                          omponents\mac\high_level\ -I                       #
#                          E:\www\zigbee_for_smarthome\Projects\zstack\Sample #
#                          s\SampleApp\CC2530DB\..\..\..\..\..\Components\mac #
#                          \low_level\srf04\ -I E:\www\zigbee_for_smarthome\P #
#                          rojects\zstack\Samples\SampleApp\CC2530DB\..\..\.. #
#                          \..\..\Components\mac\low_level\srf04\single_chip\ #
#                           -I E:\www\zigbee_for_smarthome\Projects\zstack\Sa #
#                          mples\SampleApp\CC2530DB\..\..\..\..\..\Components #
#                          \mt\ -I E:\www\zigbee_for_smarthome\Projects\zstac #
#                          k\Samples\SampleApp\CC2530DB\..\..\..\..\..\Compon #
#                          ents\osal\include\ -I E:\www\zigbee_for_smarthome\ #
#                          Projects\zstack\Samples\SampleApp\CC2530DB\..\..\. #
#                          .\..\..\Components\services\saddr\ -I              #
#                          E:\www\zigbee_for_smarthome\Projects\zstack\Sample #
#                          s\SampleApp\CC2530DB\..\..\..\..\..\Components\ser #
#                          vices\sdata\ -I E:\www\zigbee_for_smarthome\Projec #
#                          ts\zstack\Samples\SampleApp\CC2530DB\..\..\..\..\. #
#                          .\Components\stack\af\ -I                          #
#                          E:\www\zigbee_for_smarthome\Projects\zstack\Sample #
#                          s\SampleApp\CC2530DB\..\..\..\..\..\Components\sta #
#                          ck\nwk\ -I E:\www\zigbee_for_smarthome\Projects\zs #
#                          tack\Samples\SampleApp\CC2530DB\..\..\..\..\..\Com #
#                          ponents\stack\sapi\ -I E:\www\zigbee_for_smarthome #
#                          \Projects\zstack\Samples\SampleApp\CC2530DB\..\..\ #
#                          ..\..\..\Components\stack\sec\ -I                  #
#                          E:\www\zigbee_for_smarthome\Projects\zstack\Sample #
#                          s\SampleApp\CC2530DB\..\..\..\..\..\Components\sta #
#                          ck\sys\ -I E:\www\zigbee_for_smarthome\Projects\zs #
#                          tack\Samples\SampleApp\CC2530DB\..\..\..\..\..\Com #
#                          ponents\stack\zdo\ -I E:\www\zigbee_for_smarthome\ #
#                          Projects\zstack\Samples\SampleApp\CC2530DB\..\..\. #
#                          .\..\..\Components\zmac\ -I                        #
#                          E:\www\zigbee_for_smarthome\Projects\zstack\Sample #
#                          s\SampleApp\CC2530DB\..\..\..\..\..\Components\zma #
#                          c\f8w\ -Ohz                                        #
#    List file          =  E:\www\zigbee_for_smarthome\Projects\zstack\Sample #
#                          s\SampleApp\CC2530DB\EndDeviceEB\List\relay.lst    #
#    Object file        =  E:\www\zigbee_for_smarthome\Projects\zstack\Sample #
#                          s\SampleApp\CC2530DB\EndDeviceEB\Obj\relay.r51     #
#                                                                             #
#                                                                             #
###############################################################################

E:\www\zigbee_for_smarthome\Projects\zstack\Samples\SampleApp\Source\relay.c
      1          #include "relay.h"
                                  ^
Warning[Pa050]: non-native end of line sequence detected (this diagnostic is
          only issued once)

   \                                 In  segment SFR_AN, at 0x90
   \   union <unnamed> volatile __sfr _A_P1
   \                     _A_P1:
   \   000000                DS 1

   \                                 In  segment SFR_AN, at 0xf6
   \   unsigned char volatile __sfr P1INP
   \                     P1INP:
   \   000000                DS 1

   \                                 In  segment SFR_AN, at 0xfe
   \   unsigned char volatile __sfr P1DIR
   \                     P1DIR:
   \   000000                DS 1
      2          

   \                                 In  segment BANKED_CODE, align 1, keep-with-next
      3          void MotorInit(void)
   \                     MotorInit:
      4          {
   \   000000                ; Saved register size: 0
   \   000000                ; Auto size: 0
      5            P1DIR |= 0x04;     //P1_2定义为输出
   \   000000   43FE04       ORL     0xfe,#0x4
      6            P1INP |= 0X04;     //打开下拉
   \   000003   43F604       ORL     0xf6,#0x4
      7            
      8            P1DIR |= 0x08;     //P1_3定义为输出
   \   000006   43FE08       ORL     0xfe,#0x8
      9            P1INP |= 0X08;     //打开下拉        
   \   000009   43F608       ORL     0xf6,#0x8
     10          }
   \   00000C   02....       LJMP    ?BRET
   \   00000F                REQUIRE P1DIR
   \   00000F                REQUIRE P1INP
     11          

   \                                 In  segment BANKED_CODE, align 1, keep-with-next
     12          void TurnMotorLeft()
   \                     TurnMotorLeft:
     13          {
   \   000000                ; Saved register size: 0
   \   000000                ; Auto size: 0
     14            IN_1 = 1;
   \   000000   D292         SETB    0x90.2
     15            IN_2 = 0;
   \   000002   C293         CLR     0x90.3
     16          }
   \   000004   02....       LJMP    ?BRET
   \   000007                REQUIRE _A_P1
     17          

   \                                 In  segment BANKED_CODE, align 1, keep-with-next
     18          void TurnMotorRight()
   \                     TurnMotorRight:
     19          {
   \   000000                ; Saved register size: 0
   \   000000                ; Auto size: 0
     20            IN_1 = 0;
   \   000000   C292         CLR     0x90.2
     21            IN_2 = 1;
   \   000002                REQUIRE ?Subroutine0
   \   000002                REQUIRE _A_P1
   \   000002                ; // Fall through to label ?Subroutine0
     22          }

   \                                 In  segment BANKED_CODE, align 1, keep-with-next
   \                     ?Subroutine0:
   \   000000   D293         SETB    0x90.3
   \   000002   02....       LJMP    ?BRET
     23          

   \                                 In  segment BANKED_CODE, align 1, keep-with-next
     24          void StopMotor()
   \                     StopMotor:
     25          {
   \   000000                ; Saved register size: 0
   \   000000                ; Auto size: 0
     26            IN_1 = 1;
   \   000000   D292         SETB    0x90.2
     27            IN_2 = 1;
   \   000002   80..         SJMP    ?Subroutine0
   \   000004                REQUIRE _A_P1
     28          }

   \                                 In  segment BANK_RELAYS, align 1
   \                     ??MotorInit?relay:
   \   000000   12....       LCALL   ?BDISPATCH
   \   000003   ......       DC24    MotorInit

   \                                 In  segment BANK_RELAYS, align 1
   \                     ??TurnMotorLeft?relay:
   \   000000   12....       LCALL   ?BDISPATCH
   \   000003   ......       DC24    TurnMotorLeft

   \                                 In  segment BANK_RELAYS, align 1
   \                     ??TurnMotorRight?relay:
   \   000000   12....       LCALL   ?BDISPATCH
   \   000003   ......       DC24    TurnMotorRight

   \                                 In  segment BANK_RELAYS, align 1
   \                     ??StopMotor?relay:
   \   000000   12....       LCALL   ?BDISPATCH
   \   000003   ......       DC24    StopMotor

   Maximum stack usage in bytes:

     Function       ISTACK PSTACK XSTACK
     --------       ------ ------ ------
     MotorInit          0      0      0
     StopMotor          0      0      0
     TurnMotorLeft      0      0      0
     TurnMotorRight     0      0      0


   Segment part sizes:

     Function/Label         Bytes
     --------------         -----
     _A_P1                     1
     P1INP                     1
     P1DIR                     1
     MotorInit                15
     TurnMotorLeft             7
     TurnMotorRight            2
     ?Subroutine0              5
     StopMotor                 4
     ??MotorInit?relay         6
     ??TurnMotorLeft?relay     6
     ??TurnMotorRight?relay    6
     ??StopMotor?relay         6

 
 33 bytes in segment BANKED_CODE
 24 bytes in segment BANK_RELAYS
  3 bytes in segment SFR_AN
 
 57 bytes of CODE memory
  0 bytes of DATA memory (+ 3 bytes shared)

Errors: none
Warnings: 1
